\BOOKMARK [0][]{section*.3}{\376\377\000L\000i\000s\000t\000\040\000o\000f\000\040\000f\000i\000g\000u\000r\000e\000s}{}% 1
\BOOKMARK [0][]{chapter.1}{\376\377\0001\000\040\000I\000n\000t\000r\000o\000d\000u\000c\000t\000i\000o\000n}{}% 2
\BOOKMARK [0][]{chapter.2}{\376\377\0002\000\040\000E\000x\000t\000e\000n\000d\000e\000d\000\040\000m\000e\000a\000n\000\040\000f\000i\000e\000l\000d\000\040\000a\000p\000p\000r\000o\000x\000i\000m\000a\000t\000i\000o\000n}{}% 3
\BOOKMARK [1][]{section.2.1}{\376\377\0002\000.\0001\000\040\000G\000r\000a\000p\000h\000i\000c\000a\000l\000\040\000m\000o\000d\000e\000l\000s\000\040\000a\000s\000\040\000M\000a\000r\000k\000o\000v\000\040\000r\000a\000n\000d\000o\000m\000\040\000f\000i\000e\000l\000d\000s}{chapter.2}% 4
\BOOKMARK [1][]{section.2.2}{\376\377\0002\000.\0002\000\040\000B\000o\000l\000t\000z\000m\000a\000n\000n\000\040\000d\000i\000s\000t\000r\000i\000b\000u\000t\000i\000o\000n}{chapter.2}% 5
\BOOKMARK [2][]{subsection.2.2.1}{\376\377\0002\000.\0002\000.\0001\000\040\000S\000t\000a\000t\000i\000s\000t\000i\000c\000a\000l\000\040\000p\000h\000y\000s\000i\000c\000s\000\040\000p\000e\000r\000s\000p\000e\000c\000t\000i\000v\000e}{section.2.2}% 6
\BOOKMARK [2][]{subsection.2.2.2}{\376\377\0002\000.\0002\000.\0002\000\040\000\050\000N\000a\000i\000v\000e\000\051\000\040\000M\000e\000a\000n\000\040\000f\000i\000e\000l\000d\000\040\000a\000p\000p\000r\000o\000x\000i\000m\000a\000t\000i\000o\000n}{section.2.2}% 7
\BOOKMARK [2][]{subsection.2.2.3}{\376\377\0002\000.\0002\000.\0003\000\040\000E\000x\000t\000e\000n\000d\000e\000d\000\040\000m\000e\000a\000n\000\040\000f\000i\000e\000l\000d\000\040\000a\000p\000p\000r\000o\000x\000i\000m\000a\000t\000i\000o\000n\000\040\000\050\000E\000M\000F\000\051}{section.2.2}% 8
\BOOKMARK [2][]{subsection.2.2.4}{\376\377\0002\000.\0002\000.\0004\000\040\000E\000M\000F\000\040\000a\000p\000p\000r\000o\000x\000i\000m\000a\000t\000i\000o\000n\000\040\000o\000f\000\040\000t\000h\000e\000\040\000f\000r\000e\000e\000\040\000e\000n\000e\000r\000g\000y}{section.2.2}% 9
\BOOKMARK [2][]{subsection.2.2.5}{\376\377\0002\000.\0002\000.\0005\000\040\000B\000o\000l\000t\000z\000m\000a\000n\000n\000\040\000m\000a\000c\000h\000i\000n\000e}{section.2.2}% 10
\BOOKMARK [0][]{chapter.3}{\376\377\0003\000\040\000E\000v\000a\000l\000u\000a\000t\000i\000o\000n\000\040\000o\000n\000\040\000t\000o\000y\000\040\000m\000o\000d\000e\000l\000s}{}% 11
\BOOKMARK [1][]{section.3.1}{\376\377\0003\000.\0001\000\040\000A\000d\000a\000p\000t\000a\000t\000i\000o\000n\000\040\000o\000f\000\040\000E\000M\000F\000\040\000t\000o\000\040\000R\000B\000M}{chapter.3}% 12
\BOOKMARK [1][]{section.3.2}{\376\377\0003\000.\0002\000\040\000S\000c\000h\000e\000d\000u\000l\000e\000\040\000o\000f\000\040\000u\000p\000d\000a\000t\000e\000s}{chapter.3}% 13
\BOOKMARK [2][]{subsection.3.2.1}{\376\377\0003\000.\0002\000.\0001\000\040\000A\000s\000y\000n\000c\000h\000r\000o\000n\000o\000u\000s\000l\000y}{section.3.2}% 14
\BOOKMARK [2][]{subsection.3.2.2}{\376\377\0003\000.\0002\000.\0002\000\040\000S\000e\000q\000u\000e\000n\000t\000i\000a\000l\000l\000y}{section.3.2}% 15
\BOOKMARK [2][]{subsection.3.2.3}{\376\377\0003\000.\0002\000.\0003\000\040\000P\000a\000r\000a\000l\000l\000e\000l\000l\000y}{section.3.2}% 16
\BOOKMARK [1][]{section.3.3}{\376\377\0003\000.\0003\000\040\000T\000o\000y\000\040\000m\000o\000d\000e\000l\000s}{chapter.3}% 17
\BOOKMARK [2][]{subsection.3.3.1}{\376\377\0003\000.\0003\000.\0001\000\040\000G\000r\000i\000d\000\040\000t\000o\000y\000\040\000m\000o\000d\000e\000l}{section.3.3}% 18
\BOOKMARK [2][]{subsection.3.3.2}{\376\377\0003\000.\0003\000.\0002\000\040\000R\000B\000M\000\040\000t\000o\000y\000\040\000m\000o\000d\000e\000l}{section.3.3}% 19
\BOOKMARK [0][]{chapter.4}{\376\377\0004\000\040\000L\000e\000a\000r\000n\000i\000n\000g\000\040\000o\000f\000\040\000B\000o\000l\000t\000z\000m\000a\000n\000n\000\040\000m\000a\000c\000h\000i\000n\000e\000s}{}% 20
\BOOKMARK [1][]{section.4.1}{\376\377\0004\000.\0001\000\040\000U\000n\000s\000u\000p\000e\000r\000v\000i\000s\000e\000d\000\040\000l\000e\000a\000r\000n\000i\000n\000g}{chapter.4}% 21
\BOOKMARK [2][]{subsection.4.1.1}{\376\377\0004\000.\0001\000.\0001\000\040\000T\000r\000a\000i\000n\000i\000n\000g\000\040\000o\000f\000\040\000B\000o\000l\000t\000z\000m\000a\000n\000n\000\040\000M\000a\000c\000h\000i\000n\000e\000s}{section.4.1}% 22
\BOOKMARK [2][]{subsection.4.1.2}{\376\377\0004\000.\0001\000.\0002\000\040\000M\000o\000n\000t\000e\000\040\000C\000a\000r\000l\000o\000\040\000m\000e\000t\000h\000o\000d\000s}{section.4.1}% 23
\BOOKMARK [2][]{subsection.4.1.3}{\376\377\0004\000.\0001\000.\0003\000\040\000C\000o\000n\000t\000r\000a\000s\000t\000i\000v\000e\000\040\000D\000i\000v\000e\000r\000g\000e\000n\000c\000e}{section.4.1}% 24
\BOOKMARK [2][]{subsection.4.1.4}{\376\377\0004\000.\0001\000.\0004\000\040\000L\000e\000a\000r\000n\000i\000n\000g\000\040\000u\000s\000i\000n\000g\000\040\000e\000x\000t\000e\000n\000d\000e\000d\000\040\000m\000e\000a\000n\000\040\000f\000i\000e\000l\000d\000\040\000a\000p\000p\000r\000o\000x\000i\000m\000a\000t\000i\000o\000n}{section.4.1}% 25
\BOOKMARK [2][]{subsection.4.1.5}{\376\377\0004\000.\0001\000.\0005\000\040\000A\000p\000p\000r\000o\000x\000i\000m\000a\000t\000i\000n\000g\000\040\000t\000h\000e\000\040\000l\000o\000g\000-\000l\000i\000k\000e\000l\000i\000h\000o\000o\000d}{section.4.1}% 26
\BOOKMARK [2][]{subsection.4.1.6}{\376\377\0004\000.\0001\000.\0006\000\040\000R\000e\000a\000l\000\040\000s\000c\000a\000l\000e\000\040\000m\000o\000d\000e\000l\000\040\040\023\000\040\000M\000N\000I\000S\000T\000\040\000d\000a\000t\000a\000\040\000s\000e\000t}{section.4.1}% 27
\BOOKMARK [2][]{subsection.4.1.7}{\376\377\0004\000.\0001\000.\0007\000\040\000C\000o\000m\000p\000a\000r\000i\000s\000o\000n\000\040\000o\000f\000\040\000b\000o\000t\000h\000\040\000a\000p\000p\000r\000o\000a\000c\000h\000e\000s}{section.4.1}% 28
\BOOKMARK [2][]{subsection.4.1.8}{\376\377\0004\000.\0001\000.\0008\000\040\000G\000e\000n\000e\000r\000a\000t\000e\000d\000\040\000s\000a\000m\000p\000l\000e\000s\000\040\000f\000r\000o\000m\000\040\000t\000h\000e\000\040\000m\000o\000d\000e\000l\000s}{section.4.1}% 29
\BOOKMARK [0][]{chapter.5}{\376\377\0005\000\040\000V\000a\000r\000i\000o\000u\000s\000\040\000e\000x\000p\000e\000r\000i\000m\000e\000n\000t\000s}{}% 30
\BOOKMARK [1][]{section.5.1}{\376\377\0005\000.\0001\000\040\000C\000o\000m\000p\000a\000r\000i\000s\000o\000n\000\040\000o\000f\000\040\000s\000c\000h\000e\000d\000u\000l\000e\000s\000\040\000o\000f\000\040\000u\000p\000d\000a\000t\000e\000s}{chapter.5}% 31
\BOOKMARK [2][]{subsection.5.1.1}{\376\377\0005\000.\0001\000.\0001\000\040\000E\000v\000a\000l\000u\000a\000t\000i\000o\000n\000\040\000o\000f\000\040\000E\000M\000F\000\040\000a\000p\000p\000r\000o\000x\000i\000m\000a\000t\000i\000o\000n}{section.5.1}% 32
\BOOKMARK [1][]{section.5.2}{\376\377\0005\000.\0002\000\040\000A\000n\000n\000e\000a\000l\000e\000d\000\040\000I\000m\000p\000o\000r\000t\000a\000n\000c\000e\000\040\000S\000a\000m\000p\000l\000i\000n\000g\000\040}{chapter.5}% 33
\BOOKMARK [2][]{subsection.5.2.1}{\376\377\0005\000.\0002\000.\0001\000\040\000C\000o\000m\000p\000a\000r\000i\000s\000o\000n}{section.5.2}% 34
\BOOKMARK [1][]{section.5.3}{\376\377\0005\000.\0003\000\040\000D\000e\000e\000p\000\040\000s\000t\000r\000u\000c\000t\000u\000r\000e\000s}{chapter.5}% 35
\BOOKMARK [2][]{subsection.5.3.1}{\376\377\0005\000.\0003\000.\0001\000\040\000U\000n\000s\000u\000p\000e\000r\000v\000i\000s\000e\000d\000\040\000p\000r\000e\000-\000t\000r\000a\000i\000n\000i\000n\000g\000\040\000o\000f\000\040\000d\000e\000e\000p\000\040\000n\000e\000u\000r\000a\000l\000\040\000n\000e\000t\000w\000o\000r\000k\000s}{section.5.3}% 36
\BOOKMARK [2][]{subsection.5.3.2}{\376\377\0005\000.\0003\000.\0002\000\040\000D\000e\000e\000p\000\040\000b\000e\000l\000i\000e\000f\000\040\000n\000e\000t\000s}{section.5.3}% 37
\BOOKMARK [2][]{subsection.5.3.3}{\376\377\0005\000.\0003\000.\0003\000\040\000R\000e\000c\000o\000n\000s\000t\000r\000u\000c\000t\000i\000o\000n\000\040\000a\000n\000a\000l\000y\000s\000i\000s}{section.5.3}% 38
\BOOKMARK [0][]{chapter*.25}{\376\377\000R\000e\000f\000e\000r\000e\000n\000c\000e\000s}{}% 39
\BOOKMARK [0][]{Appendix.a.A}{\376\377\000A\000p\000p\000e\000n\000d\000i\000x\000\040\000A\000\040\000E\000M\000F\000\040\000d\000e\000r\000i\000v\000a\000t\000i\000o\000n}{}% 40
