\BOOKMARK [1][-]{Doc-Start}{}{}% 1
\BOOKMARK [1][-]{section.1}{Extended Mean Field Approximation}{}% 2
\BOOKMARK [2][-]{subsection.1.1}{Graphical models as Markov random fields}{section.1}% 3
\BOOKMARK [2][-]{subsection.1.2}{Boltzmann distribution}{section.1}% 4
\BOOKMARK [2][-]{subsection.1.3}{Statistical perspective}{section.1}% 5
\BOOKMARK [2][-]{subsection.1.4}{Mean field approximation}{section.1}% 6
\BOOKMARK [2][-]{subsection.1.5}{Extended mean field approximation}{section.1}% 7
\BOOKMARK [2][-]{subsection.1.6}{EMF approximation of the free energy}{section.1}% 8
\BOOKMARK [2][-]{subsection.1.7}{Boltzmann machine}{section.1}% 9
\BOOKMARK [2][-]{subsection.1.8}{Restricted Boltzmann machine}{section.1}% 10
\BOOKMARK [3][-]{subsubsection.1.8.1}{Approximator of any distribution}{subsection.1.8}% 11
\BOOKMARK [3][-]{subsubsection.1.8.2}{Exploiting the RBM structure}{subsection.1.8}% 12
\BOOKMARK [1][-]{section.2}{Evaluation on the toy models}{}% 13
\BOOKMARK [2][-]{subsection.2.1}{Adaptation of TAP to RBM}{section.2}% 14
\BOOKMARK [2][-]{subsection.2.2}{Schedule of updates}{section.2}% 15
\BOOKMARK [3][-]{subsubsection.2.2.1}{Asynchronous}{subsection.2.2}% 16
\BOOKMARK [3][-]{subsubsection.2.2.2}{Sequential}{subsection.2.2}% 17
\BOOKMARK [3][-]{subsubsection.2.2.3}{Parallel}{subsection.2.2}% 18
\BOOKMARK [2][-]{subsection.2.3}{Toy models}{section.2}% 19
\BOOKMARK [3][-]{subsubsection.2.3.1}{Grid toy model}{subsection.2.3}% 20
\BOOKMARK [3][-]{subsubsection.2.3.2}{RBM toy model}{subsection.2.3}% 21
\BOOKMARK [1][-]{section.3}{Learning of Boltzmann Machines}{}% 22
\BOOKMARK [2][-]{subsection.3.1}{Usupervised learning}{section.3}% 23
\BOOKMARK [2][-]{subsection.3.2}{Unsupervised Pre-training of Neural Networks}{section.3}% 24
\BOOKMARK [2][-]{subsection.3.3}{Training of Boltzmann Machines}{section.3}% 25
\BOOKMARK [2][-]{subsection.3.4}{MCMC Sampling}{section.3}% 26
\BOOKMARK [2][-]{subsection.3.5}{Contrastive Divergence}{section.3}% 27
\BOOKMARK [3][-]{subsubsection.3.5.1}{Persistent CD}{subsection.3.5}% 28
\BOOKMARK [2][-]{subsection.3.6}{Learning in the TAP case}{section.3}% 29
\BOOKMARK [3][-]{subsubsection.3.6.1}{Gradients}{subsection.3.6}% 30
\BOOKMARK [2][-]{subsection.3.7}{Approximating the likelihood}{section.3}% 31
\BOOKMARK [2][-]{subsection.3.8}{Real scale model}{section.3}% 32
\BOOKMARK [3][-]{subsubsection.3.8.1}{MNIST data set}{subsection.3.8}% 33
\BOOKMARK [2][-]{subsection.3.9}{Comparison}{section.3}% 34
\BOOKMARK [1][-]{section.4}{Chapter 4 - Applications}{}% 35
\BOOKMARK [2][-]{subsection.4.1}{Updates }{section.4}% 36
\BOOKMARK [2][-]{subsection.4.2}{AIS vs TAP}{section.4}% 37
\BOOKMARK [3][-]{subsubsection.4.2.1}{Annealed Importance Sampling \(AIS\)}{subsection.4.2}% 38
\BOOKMARK [3][-]{subsubsection.4.2.2}{Comparison}{subsection.4.2}% 39
